G75*
%MOIN*%
%OFA0B0*%
%FSLAX25Y25*%
%IPPOS*%
%LPD*%
%AMOC8*
5,1,8,0,0,1.08239X$1,22.5*
%
%ADD10C,0.00000*%
D10*
X0001500Y0001500D02*
X0001500Y0107799D01*
X0054650Y0107799D01*
X0054650Y0001500D01*
X0001500Y0001500D01*
X0014886Y0009374D02*
X0014888Y0009505D01*
X0014894Y0009637D01*
X0014904Y0009768D01*
X0014918Y0009899D01*
X0014936Y0010029D01*
X0014958Y0010158D01*
X0014983Y0010287D01*
X0015013Y0010415D01*
X0015047Y0010542D01*
X0015084Y0010669D01*
X0015125Y0010793D01*
X0015170Y0010917D01*
X0015219Y0011039D01*
X0015271Y0011160D01*
X0015327Y0011278D01*
X0015387Y0011396D01*
X0015450Y0011511D01*
X0015517Y0011624D01*
X0015587Y0011736D01*
X0015660Y0011845D01*
X0015736Y0011951D01*
X0015816Y0012056D01*
X0015899Y0012158D01*
X0015985Y0012257D01*
X0016074Y0012354D01*
X0016166Y0012448D01*
X0016261Y0012539D01*
X0016358Y0012628D01*
X0016458Y0012713D01*
X0016561Y0012795D01*
X0016666Y0012874D01*
X0016773Y0012950D01*
X0016883Y0013022D01*
X0016995Y0013091D01*
X0017109Y0013157D01*
X0017224Y0013219D01*
X0017342Y0013278D01*
X0017461Y0013333D01*
X0017582Y0013385D01*
X0017705Y0013432D01*
X0017829Y0013476D01*
X0017954Y0013517D01*
X0018080Y0013553D01*
X0018208Y0013586D01*
X0018336Y0013614D01*
X0018465Y0013639D01*
X0018595Y0013660D01*
X0018725Y0013677D01*
X0018856Y0013690D01*
X0018987Y0013699D01*
X0019118Y0013704D01*
X0019250Y0013705D01*
X0019381Y0013702D01*
X0019513Y0013695D01*
X0019644Y0013684D01*
X0019774Y0013669D01*
X0019904Y0013650D01*
X0020034Y0013627D01*
X0020162Y0013601D01*
X0020290Y0013570D01*
X0020417Y0013535D01*
X0020543Y0013497D01*
X0020667Y0013455D01*
X0020791Y0013409D01*
X0020912Y0013359D01*
X0021032Y0013306D01*
X0021151Y0013249D01*
X0021268Y0013189D01*
X0021382Y0013125D01*
X0021495Y0013057D01*
X0021606Y0012986D01*
X0021715Y0012912D01*
X0021821Y0012835D01*
X0021925Y0012754D01*
X0022026Y0012671D01*
X0022125Y0012584D01*
X0022221Y0012494D01*
X0022314Y0012401D01*
X0022405Y0012306D01*
X0022492Y0012208D01*
X0022577Y0012107D01*
X0022658Y0012004D01*
X0022736Y0011898D01*
X0022811Y0011790D01*
X0022883Y0011680D01*
X0022951Y0011568D01*
X0023016Y0011454D01*
X0023077Y0011337D01*
X0023135Y0011219D01*
X0023189Y0011099D01*
X0023240Y0010978D01*
X0023287Y0010855D01*
X0023330Y0010731D01*
X0023369Y0010606D01*
X0023405Y0010479D01*
X0023436Y0010351D01*
X0023464Y0010223D01*
X0023488Y0010094D01*
X0023508Y0009964D01*
X0023524Y0009833D01*
X0023536Y0009702D01*
X0023544Y0009571D01*
X0023548Y0009440D01*
X0023548Y0009308D01*
X0023544Y0009177D01*
X0023536Y0009046D01*
X0023524Y0008915D01*
X0023508Y0008784D01*
X0023488Y0008654D01*
X0023464Y0008525D01*
X0023436Y0008397D01*
X0023405Y0008269D01*
X0023369Y0008142D01*
X0023330Y0008017D01*
X0023287Y0007893D01*
X0023240Y0007770D01*
X0023189Y0007649D01*
X0023135Y0007529D01*
X0023077Y0007411D01*
X0023016Y0007294D01*
X0022951Y0007180D01*
X0022883Y0007068D01*
X0022811Y0006958D01*
X0022736Y0006850D01*
X0022658Y0006744D01*
X0022577Y0006641D01*
X0022492Y0006540D01*
X0022405Y0006442D01*
X0022314Y0006347D01*
X0022221Y0006254D01*
X0022125Y0006164D01*
X0022026Y0006077D01*
X0021925Y0005994D01*
X0021821Y0005913D01*
X0021715Y0005836D01*
X0021606Y0005762D01*
X0021495Y0005691D01*
X0021383Y0005623D01*
X0021268Y0005559D01*
X0021151Y0005499D01*
X0021032Y0005442D01*
X0020912Y0005389D01*
X0020791Y0005339D01*
X0020667Y0005293D01*
X0020543Y0005251D01*
X0020417Y0005213D01*
X0020290Y0005178D01*
X0020162Y0005147D01*
X0020034Y0005121D01*
X0019904Y0005098D01*
X0019774Y0005079D01*
X0019644Y0005064D01*
X0019513Y0005053D01*
X0019381Y0005046D01*
X0019250Y0005043D01*
X0019118Y0005044D01*
X0018987Y0005049D01*
X0018856Y0005058D01*
X0018725Y0005071D01*
X0018595Y0005088D01*
X0018465Y0005109D01*
X0018336Y0005134D01*
X0018208Y0005162D01*
X0018080Y0005195D01*
X0017954Y0005231D01*
X0017829Y0005272D01*
X0017705Y0005316D01*
X0017582Y0005363D01*
X0017461Y0005415D01*
X0017342Y0005470D01*
X0017224Y0005529D01*
X0017109Y0005591D01*
X0016995Y0005657D01*
X0016883Y0005726D01*
X0016773Y0005798D01*
X0016666Y0005874D01*
X0016561Y0005953D01*
X0016458Y0006035D01*
X0016358Y0006120D01*
X0016261Y0006209D01*
X0016166Y0006300D01*
X0016074Y0006394D01*
X0015985Y0006491D01*
X0015899Y0006590D01*
X0015816Y0006692D01*
X0015736Y0006797D01*
X0015660Y0006903D01*
X0015587Y0007012D01*
X0015517Y0007124D01*
X0015450Y0007237D01*
X0015387Y0007352D01*
X0015327Y0007470D01*
X0015271Y0007588D01*
X0015219Y0007709D01*
X0015170Y0007831D01*
X0015125Y0007955D01*
X0015084Y0008079D01*
X0015047Y0008206D01*
X0015013Y0008333D01*
X0014983Y0008461D01*
X0014958Y0008590D01*
X0014936Y0008719D01*
X0014918Y0008849D01*
X0014904Y0008980D01*
X0014894Y0009111D01*
X0014888Y0009243D01*
X0014886Y0009374D01*
X0014886Y0099925D02*
X0014888Y0100056D01*
X0014894Y0100188D01*
X0014904Y0100319D01*
X0014918Y0100450D01*
X0014936Y0100580D01*
X0014958Y0100709D01*
X0014983Y0100838D01*
X0015013Y0100966D01*
X0015047Y0101093D01*
X0015084Y0101220D01*
X0015125Y0101344D01*
X0015170Y0101468D01*
X0015219Y0101590D01*
X0015271Y0101711D01*
X0015327Y0101829D01*
X0015387Y0101947D01*
X0015450Y0102062D01*
X0015517Y0102175D01*
X0015587Y0102287D01*
X0015660Y0102396D01*
X0015736Y0102502D01*
X0015816Y0102607D01*
X0015899Y0102709D01*
X0015985Y0102808D01*
X0016074Y0102905D01*
X0016166Y0102999D01*
X0016261Y0103090D01*
X0016358Y0103179D01*
X0016458Y0103264D01*
X0016561Y0103346D01*
X0016666Y0103425D01*
X0016773Y0103501D01*
X0016883Y0103573D01*
X0016995Y0103642D01*
X0017109Y0103708D01*
X0017224Y0103770D01*
X0017342Y0103829D01*
X0017461Y0103884D01*
X0017582Y0103936D01*
X0017705Y0103983D01*
X0017829Y0104027D01*
X0017954Y0104068D01*
X0018080Y0104104D01*
X0018208Y0104137D01*
X0018336Y0104165D01*
X0018465Y0104190D01*
X0018595Y0104211D01*
X0018725Y0104228D01*
X0018856Y0104241D01*
X0018987Y0104250D01*
X0019118Y0104255D01*
X0019250Y0104256D01*
X0019381Y0104253D01*
X0019513Y0104246D01*
X0019644Y0104235D01*
X0019774Y0104220D01*
X0019904Y0104201D01*
X0020034Y0104178D01*
X0020162Y0104152D01*
X0020290Y0104121D01*
X0020417Y0104086D01*
X0020543Y0104048D01*
X0020667Y0104006D01*
X0020791Y0103960D01*
X0020912Y0103910D01*
X0021032Y0103857D01*
X0021151Y0103800D01*
X0021268Y0103740D01*
X0021382Y0103676D01*
X0021495Y0103608D01*
X0021606Y0103537D01*
X0021715Y0103463D01*
X0021821Y0103386D01*
X0021925Y0103305D01*
X0022026Y0103222D01*
X0022125Y0103135D01*
X0022221Y0103045D01*
X0022314Y0102952D01*
X0022405Y0102857D01*
X0022492Y0102759D01*
X0022577Y0102658D01*
X0022658Y0102555D01*
X0022736Y0102449D01*
X0022811Y0102341D01*
X0022883Y0102231D01*
X0022951Y0102119D01*
X0023016Y0102005D01*
X0023077Y0101888D01*
X0023135Y0101770D01*
X0023189Y0101650D01*
X0023240Y0101529D01*
X0023287Y0101406D01*
X0023330Y0101282D01*
X0023369Y0101157D01*
X0023405Y0101030D01*
X0023436Y0100902D01*
X0023464Y0100774D01*
X0023488Y0100645D01*
X0023508Y0100515D01*
X0023524Y0100384D01*
X0023536Y0100253D01*
X0023544Y0100122D01*
X0023548Y0099991D01*
X0023548Y0099859D01*
X0023544Y0099728D01*
X0023536Y0099597D01*
X0023524Y0099466D01*
X0023508Y0099335D01*
X0023488Y0099205D01*
X0023464Y0099076D01*
X0023436Y0098948D01*
X0023405Y0098820D01*
X0023369Y0098693D01*
X0023330Y0098568D01*
X0023287Y0098444D01*
X0023240Y0098321D01*
X0023189Y0098200D01*
X0023135Y0098080D01*
X0023077Y0097962D01*
X0023016Y0097845D01*
X0022951Y0097731D01*
X0022883Y0097619D01*
X0022811Y0097509D01*
X0022736Y0097401D01*
X0022658Y0097295D01*
X0022577Y0097192D01*
X0022492Y0097091D01*
X0022405Y0096993D01*
X0022314Y0096898D01*
X0022221Y0096805D01*
X0022125Y0096715D01*
X0022026Y0096628D01*
X0021925Y0096545D01*
X0021821Y0096464D01*
X0021715Y0096387D01*
X0021606Y0096313D01*
X0021495Y0096242D01*
X0021383Y0096174D01*
X0021268Y0096110D01*
X0021151Y0096050D01*
X0021032Y0095993D01*
X0020912Y0095940D01*
X0020791Y0095890D01*
X0020667Y0095844D01*
X0020543Y0095802D01*
X0020417Y0095764D01*
X0020290Y0095729D01*
X0020162Y0095698D01*
X0020034Y0095672D01*
X0019904Y0095649D01*
X0019774Y0095630D01*
X0019644Y0095615D01*
X0019513Y0095604D01*
X0019381Y0095597D01*
X0019250Y0095594D01*
X0019118Y0095595D01*
X0018987Y0095600D01*
X0018856Y0095609D01*
X0018725Y0095622D01*
X0018595Y0095639D01*
X0018465Y0095660D01*
X0018336Y0095685D01*
X0018208Y0095713D01*
X0018080Y0095746D01*
X0017954Y0095782D01*
X0017829Y0095823D01*
X0017705Y0095867D01*
X0017582Y0095914D01*
X0017461Y0095966D01*
X0017342Y0096021D01*
X0017224Y0096080D01*
X0017109Y0096142D01*
X0016995Y0096208D01*
X0016883Y0096277D01*
X0016773Y0096349D01*
X0016666Y0096425D01*
X0016561Y0096504D01*
X0016458Y0096586D01*
X0016358Y0096671D01*
X0016261Y0096760D01*
X0016166Y0096851D01*
X0016074Y0096945D01*
X0015985Y0097042D01*
X0015899Y0097141D01*
X0015816Y0097243D01*
X0015736Y0097348D01*
X0015660Y0097454D01*
X0015587Y0097563D01*
X0015517Y0097675D01*
X0015450Y0097788D01*
X0015387Y0097903D01*
X0015327Y0098021D01*
X0015271Y0098139D01*
X0015219Y0098260D01*
X0015170Y0098382D01*
X0015125Y0098506D01*
X0015084Y0098630D01*
X0015047Y0098757D01*
X0015013Y0098884D01*
X0014983Y0099012D01*
X0014958Y0099141D01*
X0014936Y0099270D01*
X0014918Y0099400D01*
X0014904Y0099531D01*
X0014894Y0099662D01*
X0014888Y0099794D01*
X0014886Y0099925D01*
M02*
